********************************************************************************
product = Open Liberty 21.0.0.10 (wlp-1.0.57.cl211020210920-1900)
wlp.install.dir = C:/Users/29863/Desktop/icpctools-main/CDS/wlp/
java.home = C:\Program Files\Java\jdk-17.0.5
java.version = 17.0.5
java.runtime = Java(TM) SE Runtime Environment (17.0.5+9-LTS-191)
os = Windows 10 (10.0; amd64) (zh_CN)
process = 6812@DESKTOP-AM7SKMV
********************************************************************************
[11/11/22, 11:15:29:374 CST] 00000001 com.ibm.ws.kernel.launch.internal.FrameworkManager           A CWWKE0001I: 已启动服务器 cds。
[11/11/22, 11:15:29:620 CST] 00000019 com.ibm.ws.config.xml.internal.XMLConfigParser               A CWWKG0028A: 正在处理所包含的配置资源：C:\Users\29863\Desktop\icpctools-main\CDS\wlp\usr\servers\cds\users.xml
[11/11/22, 11:15:29:681 CST] 00000001 com.ibm.ws.kernel.launch.internal.FrameworkManager           I CWWKE0002I: 内核在 4.932 秒 后启动
[11/11/22, 11:15:29:689 CST] 00000024 com.ibm.ws.kernel.feature.internal.FeatureManager            I CWWKF0007I: 功能部件更新已开始。
[11/11/22, 11:15:29:761 CST] 00000018 com.ibm.ws.security.ready.internal.SecurityReadyServiceImpl  I CWWKS0007I: 安全服务正在启动...
[11/11/22, 11:15:29:806 CST] 0000001b com.ibm.ws.app.manager.internal.monitor.DropinMonitor        A CWWKZ0058I: 正在监视应用程序的 dropins。
[11/11/22, 11:15:29:868 CST] 0000001b org.apache.aries.jndi.startup.Activator                      I It was not possible to register an InitialContextFactoryBuilder with the NamingManager because another builder called  was already registered. Support for calling new InitialContext() will not be enabled.
[11/11/22, 11:15:29:901 CST] 0000001b com.ibm.ws.cache.ServerCache                                 I DYNA1001I: 名为 baseCache 的 WebSphere 动态高速缓存实例已成功初始化。
[11/11/22, 11:15:29:902 CST] 0000001b com.ibm.ws.cache.ServerCache                                 I DYNA1071I: 正使用高速缓存提供程序 default。
[11/11/22, 11:15:29:903 CST] 0000001b com.ibm.ws.cache.CacheServiceImpl                            I DYNA1056I: 动态高速缓存（对象高速缓存）已成功初始化。
[11/11/22, 11:15:34:450 CST] 00000020 com.ibm.ws.ssl.config.WSKeyStore                             I Successfully loaded default keystore: C:/Users/29863/Desktop/icpctools-main/CDS/wlp/usr/servers/cds/resources/security/key.jks of type: JKS
[11/11/22, 11:15:34:452 CST] 00000030 com.ibm.ws.security.token.ltpa.internal.LTPAKeyCreateTask    I CWWKS4105I: LTPA 配置将在 0.005 秒之后准备就绪。
[11/11/22, 11:15:34:454 CST] 00000018 com.ibm.ws.security.ready.internal.SecurityReadyServiceImpl  I CWWKS0008I: 安全服务已准备就绪。
[11/11/22, 11:15:34:458 CST] 00000018 ibm.ws.security.authentication.internal.jaas.JAASServiceImpl I CWWKS1123I: 类名为 NullCollectiveAuthenticationPlugin 的集合体认证插件已激活。
[11/11/22, 11:15:34:554 CST] 00000018 com.ibm.ws.security.jaspi.AuthConfigFactoryWrapper           I CWWKS1655I: 正在使用缺省 Java Authentication SPI for Containers (JASPIC) AuthConfigFactory 类 com.ibm.ws.security.jaspi.ProviderRegistry，因为未设置 Java 安全属性 authconfigprovider.factory。
[11/11/22, 11:15:39:170 CST] 0000003d com.ibm.ws.app.manager.AppMessageHelper                      I CWWKZ0018I: 正在启动应用程序 CDS。
[11/11/22, 11:15:39:171 CST] 0000003d bm.ws.app.manager.war.internal.WARDeployedAppInfoFactoryImpl I CWWKZ0136I: CDS 应用程序正在使用 C:\Users\29863\Desktop\icpctools-main\CDS\wlp\usr\servers\cds\apps\CDS.war 中的归档文件。
[11/11/22, 11:15:39:327 CST] 0000003d com.ibm.ws.session.WASSessionCore                            I SESN8501I: 会话管理器找不到持久性存储位置；会将 HttpSession 对象存储在本地应用程序服务器的内存中。
[11/11/22, 11:15:39:344 CST] 0000003d org.jboss.weld.Version                                       I WELD-000900: 3.1.7 (SP1)
[11/11/22, 11:15:39:455 CST] 0000003d com.ibm.ws.webcontainer.osgi.webapp.WebGroup                 I SRVE0169I: 正在装入 Web 模块：CDS。
[11/11/22, 11:15:39:457 CST] 0000003d com.ibm.ws.webcontainer                                      I SRVE0250I: Web 模块 CDS 已绑定到 default_host。
[11/11/22, 11:15:39:457 CST] 0000003d com.ibm.ws.http.internal.VirtualHostImpl                     A CWWKT0016I: Web 应用程序可用 (default_host)：http://desktop-am7skmv:8080/
[11/11/22, 11:15:39:508 CST] 0000002a com.ibm.ws.session.WASSessionCore                            I SESN0176I: 将为应用程序键 default_host/ 创建新会话上下文
[11/11/22, 11:15:39:513 CST] 0000002a com.ibm.ws.util                                              I SESN0172I: 会话管理器正在使用 Java 缺省 SecureRandom 实现以生成会话标识。
[11/11/22, 11:15:39:533 CST] 0000002a com.ibm.ws.cache.CacheServiceImpl                            I DYNA1056I: 动态高速缓存（对象高速缓存）已成功初始化。
[11/11/22, 11:15:39:541 CST] 0000002a com.ibm.ws.wsoc.EndpointManager                              I CWWKH0046I: 正使用以下 URI 添加 WebSocket ServerEndpoint：/contests/{id}/startstatus
[11/11/22, 11:15:39:542 CST] 0000002a com.ibm.ws.wsoc.EndpointManager                              I CWWKH0046I: 正使用以下 URI 添加 WebSocket ServerEndpoint：/presentation/ws
[11/11/22, 11:15:39:553 CST] 0000002a SystemOut                                                    O --- CDS (2.4.727) ---
[11/11/22, 11:15:39:565 CST] 0000002a SystemErr                                                    R Could not load CDS configuration: CWWKE0800W: 尝试检索 [java:/comp/env/icpc.cds.config] 的初始上下文，但未配置 JNDI 功能部件。 / CWWKE0800W: 尝试检索 [icpc.cds.config] 的初始上下文，但未配置 JNDI 功能部件。
[11/11/22, 11:15:39:618 CST] 0000002a com.ibm.ws.logging.internal.impl.IncidentImpl                I FFDC1015I: 已在 ffdc_22.11.11_11.15.39.0.log 创建 FFDC 事件：“java.lang.NullPointerException: Cannot read field "contests" because the return value of "org.icpc.tools.cds.CDSConfig.getInstance()" is null com.ibm.ws.webcontainer.webapp.WebApp.notifyServletContextCreated 1341”
[11/11/22, 11:15:39:620 CST] 0000002a com.ibm.ws.webcontainer.webapp                               E SRVE0283E: 初始化上下文时捕获到异常：java.lang.NullPointerException: Cannot read field "contests" because the return value of "org.icpc.tools.cds.CDSConfig.getInstance()" is null
	at org.icpc.tools.cds.CDSConfig.getContests(CDSConfig.java:513)
	at org.icpc.tools.cds.video.ReactionVideoRecorder.cleanUpReactions(ReactionVideoRecorder.java:63)
	at org.icpc.tools.cds.video.ReactionVideoRecorder.start(ReactionVideoRecorder.java:58)
	at org.icpc.tools.cds.service.ExecutorListener.contextInitialized(ExecutorListener.java:43)
	at com.ibm.ws.webcontainer.webapp.WebApp.notifyServletContextCreated(WebApp.java:2437)
	at com.ibm.ws.webcontainer31.osgi.webapp.WebApp31.notifyServletContextCreated(WebApp31.java:514)
	at com.ibm.ws.webcontainer.webapp.WebApp.initialize(WebApp.java:1041)
	at com.ibm.ws.webcontainer.webapp.WebApp.initialize(WebApp.java:6675)
	at com.ibm.ws.webcontainer.osgi.DynamicVirtualHost.startWebApp(DynamicVirtualHost.java:470)
	at com.ibm.ws.webcontainer.osgi.DynamicVirtualHost.startWebApplication(DynamicVirtualHost.java:465)
	at com.ibm.ws.webcontainer.osgi.WebContainer.startWebApplication(WebContainer.java:1179)
	at com.ibm.ws.webcontainer.osgi.WebContainer.access$100(WebContainer.java:110)
	at com.ibm.ws.webcontainer.osgi.WebContainer$3.run(WebContainer.java:976)
	at com.ibm.ws.threading.internal.ExecutorServiceImpl$RunnableWrapper.run(ExecutorServiceImpl.java:238)
	at java.base/java.util.concurrent.Executors$RunnableAdapter.call(Executors.java:539)
	at java.base/java.util.concurrent.FutureTask.run(FutureTask.java:264)
	at java.base/java.util.concurrent.ThreadPoolExecutor.runWorker(ThreadPoolExecutor.java:1136)
	at java.base/java.util.concurrent.ThreadPoolExecutor$Worker.run(ThreadPoolExecutor.java:635)
	at java.base/java.lang.Thread.run(Thread.java:833)

[11/11/22, 11:15:39:664 CST] 0000002a com.ibm.ws.app.manager.AppMessageHelper                      A CWWKZ0001I: 应用程序 CDS 已在 0.494 秒内启动。
[11/11/22, 11:15:39:671 CST] 00000024 com.ibm.ws.tcpchannel.internal.TCPPort                       I CWWKO0219I: TCP 通道 defaultHttpEndpoint 已启动并且正在侦听主机 *  (IPv6) 端口 8080 上的请求。
[11/11/22, 11:15:39:672 CST] 00000024 com.ibm.ws.tcpchannel.internal.TCPPort                       I CWWKO0219I: TCP 通道 defaultHttpEndpoint-ssl 已启动并且正在侦听主机 *  (IPv6) 端口 8443 上的请求。
[11/11/22, 11:15:39:674 CST] 00000024 com.ibm.ws.kernel.feature.internal.FeatureManager            A CWWKF0012I: 服务器已安装下列功能部件：[appSecurity-3.0, cdi-2.0, distributedMap-1.0, el-3.0, jndi-1.0, jsp-2.3, servlet-4.0, ssl-1.0, websocket-1.1]。
[11/11/22, 11:15:39:675 CST] 00000024 com.ibm.ws.kernel.feature.internal.FeatureManager            I CWWKF0008I: 已在 9.994 秒内完成功能部件更新。
[11/11/22, 11:15:39:675 CST] 00000024 com.ibm.ws.kernel.feature.internal.FeatureManager            A CWWKF0011I: cds 服务器已准备就绪，可以运行智慧地球。cds 服务器在 14.926 秒内启动。
[11/11/22, 11:15:44:015 CST] 0000002c com.ibm.ws.webcontainer.osgi.mbeans.PluginGenerator          I SRVE9103I: 在 C:\Users\29863\Desktop\icpctools-main\CDS\wlp\usr\servers\cds\logs\state\plugin-cfg.xml 时为此服务器自动生成 Web 服务器插件的配置文件。
[11/11/22, 11:17:03:025 CST] 0000003a SystemErr                                                    R Could not load CDS configuration: CWWKE0800W: 尝试检索 [java:/comp/env/icpc.cds.config] 的初始上下文，但未配置 JNDI 功能部件。 / CWWKE0800W: 尝试检索 [icpc.cds.config] 的初始上下文，但未配置 JNDI 功能部件。
[11/11/22, 11:17:03:057 CST] 0000003a com.ibm.ws.logging.internal.impl.IncidentImpl                I FFDC1015I: 已在 ffdc_22.11.11_11.17.03.0.log 创建 FFDC 事件：“java.lang.NullPointerException: Cannot invoke "org.icpc.tools.cds.CDSConfig.getUserFromHost(String)" because "config" is null com.ibm.ws.webcontainer.filter.WebAppFilterManager.invokeFilters 1105”
[11/11/22, 11:17:03:057 CST] 0000003a com.ibm.ws.webcontainer.webapp                               E SRVE0315E: 发生异常：java.lang.Throwable: java.lang.NullPointerException: Cannot invoke "org.icpc.tools.cds.CDSConfig.getUserFromHost(String)" because "config" is null
	at com.ibm.ws.webcontainer.webapp.WebApp.handleRequest(WebApp.java:5107)
	at com.ibm.ws.webcontainer.osgi.DynamicVirtualHost$2.handleRequest(DynamicVirtualHost.java:314)
	at com.ibm.ws.webcontainer.WebContainer.handleRequest(WebContainer.java:1007)
	at com.ibm.ws.webcontainer.osgi.DynamicVirtualHost$2.run(DynamicVirtualHost.java:279)
	at com.ibm.ws.http.dispatcher.internal.channel.HttpDispatcherLink$TaskWrapper.run(HttpDispatcherLink.java:1159)
	at com.ibm.ws.http.dispatcher.internal.channel.HttpDispatcherLink.wrapHandlerAndExecute(HttpDispatcherLink.java:428)
	at com.ibm.ws.http.dispatcher.internal.channel.HttpDispatcherLink.ready(HttpDispatcherLink.java:387)
	at com.ibm.ws.http.channel.internal.inbound.HttpInboundLink.handleDiscrimination(HttpInboundLink.java:566)
	at com.ibm.ws.http.channel.internal.inbound.HttpInboundLink.handleNewRequest(HttpInboundLink.java:500)
	at com.ibm.ws.http.channel.internal.inbound.HttpInboundLink.processRequest(HttpInboundLink.java:360)
	at com.ibm.ws.http.channel.internal.inbound.HttpInboundLink.ready(HttpInboundLink.java:327)
	at com.ibm.ws.http.channel.h2internal.H2StreamProcessor$Http2Ready.run(H2StreamProcessor.java:1793)
	at com.ibm.ws.threading.internal.ExecutorServiceImpl$RunnableWrapper.run(ExecutorServiceImpl.java:238)
	at java.base/java.util.concurrent.ThreadPoolExecutor.runWorker(ThreadPoolExecutor.java:1136)
	at java.base/java.util.concurrent.ThreadPoolExecutor$Worker.run(ThreadPoolExecutor.java:635)
	at java.base/java.lang.Thread.run(Thread.java:833)
Caused by: java.lang.NullPointerException: Cannot invoke "org.icpc.tools.cds.CDSConfig.getUserFromHost(String)" because "config" is null
	at org.icpc.tools.cds.service.BasicAuthFilter.doFilter(BasicAuthFilter.java:54)
	at com.ibm.ws.webcontainer.filter.FilterInstanceWrapper.doFilter(FilterInstanceWrapper.java:201)
	at com.ibm.ws.webcontainer.filter.WebAppFilterChain.doFilter(WebAppFilterChain.java:91)
	at com.ibm.ws.security.jaspi.JaspiServletFilter.doFilter(JaspiServletFilter.java:56)
	at com.ibm.ws.webcontainer.filter.FilterInstanceWrapper.doFilter(FilterInstanceWrapper.java:201)
	at com.ibm.ws.webcontainer.filter.WebAppFilterChain.doFilter(WebAppFilterChain.java:91)
	at com.ibm.ws.webcontainer.filter.WebAppFilterManager.doFilter(WebAppFilterManager.java:1002)
	at com.ibm.ws.webcontainer.filter.WebAppFilterManager.invokeFilters(WebAppFilterManager.java:1140)
	at com.ibm.ws.webcontainer.webapp.WebApp.handleRequest(WebApp.java:5049)
	... 15 more

[11/11/22, 11:17:03:064 CST] 0000003a com.ibm.ws.webcontainer.servlet                              I SRVE0242I: [CDS] [/] [org.icpc.tools.cds.service.ErrorService]: 初始化成功。
[11/11/22, 11:17:03:392 CST] 0000003a com.ibm.ws.webcontainer.servlet                              I SRVE0242I: [CDS] [/] [/WEB-INF/jsps/errorPage.jsp]: 初始化成功。
[11/11/22, 11:17:03:414 CST] 0000003a SystemErr                                                    R Could not load CDS configuration: CWWKE0800W: 尝试检索 [java:/comp/env/icpc.cds.config] 的初始上下文，但未配置 JNDI 功能部件。 / CWWKE0800W: 尝试检索 [icpc.cds.config] 的初始上下文，但未配置 JNDI 功能部件。
[11/11/22, 11:17:03:415 CST] 0000003a com.ibm.ws.webcontainer.util.ApplicationErrorUtils           E SRVE0777E: 应用程序类“org.icpc.tools.cds.CDSConfig.getContests:513”抛出异常
java.lang.NullPointerException: Cannot read field "contests" because the return value of "org.icpc.tools.cds.CDSConfig.getInstance()" is null
	at org.icpc.tools.cds.CDSConfig.getContests(CDSConfig.java:513)
	at com.ibm._jsp._errorPage._jspService(_errorPage.java:284)
	at com.ibm.ws.jsp.runtime.HttpJspBase.service(HttpJspBase.java:100)
	at javax.servlet.http.HttpServlet.service(HttpServlet.java:791)
	at com.ibm.ws.webcontainer.servlet.ServletWrapper.service(ServletWrapper.java:1258)
	at com.ibm.ws.webcontainer.servlet.ServletWrapper.handleRequest(ServletWrapper.java:746)
	at com.ibm.ws.webcontainer.servlet.ServletWrapper.handleRequest(ServletWrapper.java:443)
	at com.ibm.wsspi.webcontainer.servlet.GenericServletWrapper.handleRequest(GenericServletWrapper.java:118)
	at com.ibm.ws.jsp.webcontainerext.AbstractJSPExtensionServletWrapper.handleRequest(AbstractJSPExtensionServletWrapper.java:211)
	at com.ibm.ws.webcontainer.filter.WebAppFilterChain.invokeTarget(WebAppFilterChain.java:183)
	at com.ibm.ws.webcontainer.filter.WebAppFilterChain.doFilter(WebAppFilterChain.java:94)
	at com.ibm.ws.security.jaspi.JaspiServletFilter.doFilter(JaspiServletFilter.java:56)
	at com.ibm.ws.webcontainer.filter.FilterInstanceWrapper.doFilter(FilterInstanceWrapper.java:201)
	at com.ibm.ws.webcontainer.filter.WebAppFilterChain.doFilter(WebAppFilterChain.java:91)
	at com.ibm.ws.webcontainer.filter.WebAppFilterManager.doFilter(WebAppFilterManager.java:1002)
	at com.ibm.ws.webcontainer.filter.WebAppFilterManager.invokeFilters(WebAppFilterManager.java:1140)
	at com.ibm.ws.webcontainer.filter.WebAppFilterManager.invokeFilters(WebAppFilterManager.java:1011)
	at com.ibm.ws.webcontainer.webapp.WebAppRequestDispatcher.dispatch(WebAppRequestDispatcher.java:1411)
	at com.ibm.ws.webcontainer.webapp.WebAppRequestDispatcher.forward(WebAppRequestDispatcher.java:172)
	at org.icpc.tools.cds.service.ErrorService.service(ErrorService.java:31)
	at javax.servlet.http.HttpServlet.service(HttpServlet.java:791)
	at com.ibm.ws.webcontainer.servlet.ServletWrapper.service(ServletWrapper.java:1258)
	at com.ibm.ws.webcontainer.servlet.ServletWrapper.handleRequest(ServletWrapper.java:746)
	at com.ibm.ws.webcontainer.servlet.ServletWrapper.handleRequest(ServletWrapper.java:443)
	at com.ibm.ws.webcontainer.filter.WebAppFilterChain.invokeTarget(WebAppFilterChain.java:183)
	at com.ibm.ws.webcontainer.filter.WebAppFilterChain.doFilter(WebAppFilterChain.java:94)
	at com.ibm.ws.security.jaspi.JaspiServletFilter.doFilter(JaspiServletFilter.java:56)
	at com.ibm.ws.webcontainer.filter.FilterInstanceWrapper.doFilter(FilterInstanceWrapper.java:201)
	at com.ibm.ws.webcontainer.filter.WebAppFilterChain.doFilter(WebAppFilterChain.java:91)
	at com.ibm.ws.webcontainer.filter.WebAppFilterManager.doFilter(WebAppFilterManager.java:1002)
	at com.ibm.ws.webcontainer.filter.WebAppFilterManager.invokeFilters(WebAppFilterManager.java:1140)
	at com.ibm.ws.webcontainer.filter.WebAppFilterManager.invokeFilters(WebAppFilterManager.java:1011)
	at com.ibm.ws.webcontainer.webapp.WebAppRequestDispatcher.dispatch(WebAppRequestDispatcher.java:1411)
	at com.ibm.ws.webcontainer.webapp.WebAppRequestDispatcher.forward(WebAppRequestDispatcher.java:172)
	at com.ibm.ws.webcontainer.webapp.WebApp.sendError(WebApp.java:4354)
	at com.ibm.ws.webcontainer.webapp.WebApp.handleException(WebApp.java:5138)
	at com.ibm.ws.webcontainer.webapp.WebApp.handleRequest(WebApp.java:5118)
	at com.ibm.ws.webcontainer.osgi.DynamicVirtualHost$2.handleRequest(DynamicVirtualHost.java:314)
	at com.ibm.ws.webcontainer.WebContainer.handleRequest(WebContainer.java:1007)
	at com.ibm.ws.webcontainer.osgi.DynamicVirtualHost$2.run(DynamicVirtualHost.java:279)
	at com.ibm.ws.http.dispatcher.internal.channel.HttpDispatcherLink$TaskWrapper.run(HttpDispatcherLink.java:1159)
	at com.ibm.ws.http.dispatcher.internal.channel.HttpDispatcherLink.wrapHandlerAndExecute(HttpDispatcherLink.java:428)
	at com.ibm.ws.http.dispatcher.internal.channel.HttpDispatcherLink.ready(HttpDispatcherLink.java:387)
	at com.ibm.ws.http.channel.internal.inbound.HttpInboundLink.handleDiscrimination(HttpInboundLink.java:566)
	at com.ibm.ws.http.channel.internal.inbound.HttpInboundLink.handleNewRequest(HttpInboundLink.java:500)
	at com.ibm.ws.http.channel.internal.inbound.HttpInboundLink.processRequest(HttpInboundLink.java:360)
	at com.ibm.ws.http.channel.internal.inbound.HttpInboundLink.ready(HttpInboundLink.java:327)
	at com.ibm.ws.http.channel.h2internal.H2StreamProcessor$Http2Ready.run(H2StreamProcessor.java:1793)
	at com.ibm.ws.threading.internal.ExecutorServiceImpl$RunnableWrapper.run(ExecutorServiceImpl.java:238)
	at java.base/java.util.concurrent.ThreadPoolExecutor.runWorker(ThreadPoolExecutor.java:1136)
	at java.base/java.util.concurrent.ThreadPoolExecutor$Worker.run(ThreadPoolExecutor.java:635)
	at java.base/java.lang.Thread.run(Thread.java:833)

[11/11/22, 11:17:03:418 CST] 0000003a com.ibm.ws.webcontainer.util.ApplicationErrorUtils           E SRVE0777E: 应用程序类“org.icpc.tools.cds.CDSConfig.getContests:513”抛出异常
java.lang.NullPointerException: Cannot read field "contests" because the return value of "org.icpc.tools.cds.CDSConfig.getInstance()" is null
	at org.icpc.tools.cds.CDSConfig.getContests(CDSConfig.java:513)
	at com.ibm._jsp._errorPage._jspService(_errorPage.java:284)
	at com.ibm.ws.jsp.runtime.HttpJspBase.service(HttpJspBase.java:100)
	at javax.servlet.http.HttpServlet.service(HttpServlet.java:791)
	at com.ibm.ws.webcontainer.servlet.ServletWrapper.service(ServletWrapper.java:1258)
	at com.ibm.ws.webcontainer.servlet.ServletWrapper.handleRequest(ServletWrapper.java:746)
	at com.ibm.ws.webcontainer.servlet.ServletWrapper.handleRequest(ServletWrapper.java:443)
	at com.ibm.wsspi.webcontainer.servlet.GenericServletWrapper.handleRequest(GenericServletWrapper.java:118)
	at com.ibm.ws.jsp.webcontainerext.AbstractJSPExtensionServletWrapper.handleRequest(AbstractJSPExtensionServletWrapper.java:211)
	at com.ibm.ws.webcontainer.filter.WebAppFilterChain.invokeTarget(WebAppFilterChain.java:183)
	at com.ibm.ws.webcontainer.filter.WebAppFilterChain.doFilter(WebAppFilterChain.java:94)
	at com.ibm.ws.security.jaspi.JaspiServletFilter.doFilter(JaspiServletFilter.java:56)
	at com.ibm.ws.webcontainer.filter.FilterInstanceWrapper.doFilter(FilterInstanceWrapper.java:201)
	at com.ibm.ws.webcontainer.filter.WebAppFilterChain.doFilter(WebAppFilterChain.java:91)
	at com.ibm.ws.webcontainer.filter.WebAppFilterManager.doFilter(WebAppFilterManager.java:1002)
	at com.ibm.ws.webcontainer.filter.WebAppFilterManager.invokeFilters(WebAppFilterManager.java:1140)
	at com.ibm.ws.webcontainer.filter.WebAppFilterManager.invokeFilters(WebAppFilterManager.java:1011)
	at com.ibm.ws.webcontainer.webapp.WebAppRequestDispatcher.dispatch(WebAppRequestDispatcher.java:1411)
	at com.ibm.ws.webcontainer.webapp.WebAppRequestDispatcher.forward(WebAppRequestDispatcher.java:172)
	at org.icpc.tools.cds.service.ErrorService.service(ErrorService.java:31)
	at javax.servlet.http.HttpServlet.service(HttpServlet.java:791)
	at com.ibm.ws.webcontainer.servlet.ServletWrapper.service(ServletWrapper.java:1258)
	at com.ibm.ws.webcontainer.servlet.ServletWrapper.handleRequest(ServletWrapper.java:746)
	at com.ibm.ws.webcontainer.servlet.ServletWrapper.handleRequest(ServletWrapper.java:443)
	at com.ibm.ws.webcontainer.filter.WebAppFilterChain.invokeTarget(WebAppFilterChain.java:183)
	at com.ibm.ws.webcontainer.filter.WebAppFilterChain.doFilter(WebAppFilterChain.java:94)
	at com.ibm.ws.security.jaspi.JaspiServletFilter.doFilter(JaspiServletFilter.java:56)
	at com.ibm.ws.webcontainer.filter.FilterInstanceWrapper.doFilter(FilterInstanceWrapper.java:201)
	at com.ibm.ws.webcontainer.filter.WebAppFilterChain.doFilter(WebAppFilterChain.java:91)
	at com.ibm.ws.webcontainer.filter.WebAppFilterManager.doFilter(WebAppFilterManager.java:1002)
	at com.ibm.ws.webcontainer.filter.WebAppFilterManager.invokeFilters(WebAppFilterManager.java:1140)
	at com.ibm.ws.webcontainer.filter.WebAppFilterManager.invokeFilters(WebAppFilterManager.java:1011)
	at com.ibm.ws.webcontainer.webapp.WebAppRequestDispatcher.dispatch(WebAppRequestDispatcher.java:1411)
	at com.ibm.ws.webcontainer.webapp.WebAppRequestDispatcher.forward(WebAppRequestDispatcher.java:172)
	at com.ibm.ws.webcontainer.webapp.WebApp.sendError(WebApp.java:4354)
	at com.ibm.ws.webcontainer.webapp.WebApp.handleException(WebApp.java:5138)
	at com.ibm.ws.webcontainer.webapp.WebApp.handleRequest(WebApp.java:5118)
	at com.ibm.ws.webcontainer.osgi.DynamicVirtualHost$2.handleRequest(DynamicVirtualHost.java:314)
	at com.ibm.ws.webcontainer.WebContainer.handleRequest(WebContainer.java:1007)
	at com.ibm.ws.webcontainer.osgi.DynamicVirtualHost$2.run(DynamicVirtualHost.java:279)
	at com.ibm.ws.http.dispatcher.internal.channel.HttpDispatcherLink$TaskWrapper.run(HttpDispatcherLink.java:1159)
	at com.ibm.ws.http.dispatcher.internal.channel.HttpDispatcherLink.wrapHandlerAndExecute(HttpDispatcherLink.java:428)
	at com.ibm.ws.http.dispatcher.internal.channel.HttpDispatcherLink.ready(HttpDispatcherLink.java:387)
	at com.ibm.ws.http.channel.internal.inbound.HttpInboundLink.handleDiscrimination(HttpInboundLink.java:566)
	at com.ibm.ws.http.channel.internal.inbound.HttpInboundLink.handleNewRequest(HttpInboundLink.java:500)
	at com.ibm.ws.http.channel.internal.inbound.HttpInboundLink.processRequest(HttpInboundLink.java:360)
	at com.ibm.ws.http.channel.internal.inbound.HttpInboundLink.ready(HttpInboundLink.java:327)
	at com.ibm.ws.http.channel.h2internal.H2StreamProcessor$Http2Ready.run(H2StreamProcessor.java:1793)
	at com.ibm.ws.threading.internal.ExecutorServiceImpl$RunnableWrapper.run(ExecutorServiceImpl.java:238)
	at java.base/java.util.concurrent.ThreadPoolExecutor.runWorker(ThreadPoolExecutor.java:1136)
	at java.base/java.util.concurrent.ThreadPoolExecutor$Worker.run(ThreadPoolExecutor.java:635)
	at java.base/java.lang.Thread.run(Thread.java:833)

[11/11/22, 11:17:03:455 CST] 0000003a com.ibm.ws.logging.internal.impl.IncidentImpl                I FFDC1015I: 已在 ffdc_22.11.11_11.17.03.1.log 创建 FFDC 事件：“java.lang.NullPointerException: Cannot read field "contests" because the return value of "org.icpc.tools.cds.CDSConfig.getInstance()" is null com.ibm.ws.webcontainer.webapp.WebApp.handleError 912”
[11/11/22, 11:17:03:456 CST] 0000003a com.ibm.ws.webcontainer.webapp                               E 错误页异常: 
                                                                                                               CDS
                                                                                                               /
                                                                                                               错误页异常
                                                                                                               com.ibm.ws.webcontainer.webapp.WebAppErrorReport: java.lang.NullPointerException: Cannot read field &quot;contests&quot; because the return value of &quot;org.icpc.tools.cds.CDSConfig.getInstance&#40;&#41;&quot; is null
	at com.ibm.ws.webcontainer.webapp.WebApp.sendError(WebApp.java:4399)
	at com.ibm.ws.webcontainer.webapp.WebApp.handleException(WebApp.java:5138)
	at com.ibm.ws.webcontainer.webapp.WebApp.handleRequest(WebApp.java:5118)
	at com.ibm.ws.webcontainer.osgi.DynamicVirtualHost$2.handleRequest(DynamicVirtualHost.java:314)
	at com.ibm.ws.webcontainer.WebContainer.handleRequest(WebContainer.java:1007)
	at com.ibm.ws.webcontainer.osgi.DynamicVirtualHost$2.run(DynamicVirtualHost.java:279)
	at com.ibm.ws.http.dispatcher.internal.channel.HttpDispatcherLink$TaskWrapper.run(HttpDispatcherLink.java:1159)
	at com.ibm.ws.http.dispatcher.internal.channel.HttpDispatcherLink.wrapHandlerAndExecute(HttpDispatcherLink.java:428)
	at com.ibm.ws.http.dispatcher.internal.channel.HttpDispatcherLink.ready(HttpDispatcherLink.java:387)
	at com.ibm.ws.http.channel.internal.inbound.HttpInboundLink.handleDiscrimination(HttpInboundLink.java:566)
	at com.ibm.ws.http.channel.internal.inbound.HttpInboundLink.handleNewRequest(HttpInboundLink.java:500)
	at com.ibm.ws.http.channel.internal.inbound.HttpInboundLink.processRequest(HttpInboundLink.java:360)
	at com.ibm.ws.http.channel.internal.inbound.HttpInboundLink.ready(HttpInboundLink.java:327)
	at com.ibm.ws.http.channel.h2internal.H2StreamProcessor$Http2Ready.run(H2StreamProcessor.java:1793)
	at com.ibm.ws.threading.internal.ExecutorServiceImpl$RunnableWrapper.run(ExecutorServiceImpl.java:238)
	at java.base/java.util.concurrent.ThreadPoolExecutor.runWorker(ThreadPoolExecutor.java:1136)
	at java.base/java.util.concurrent.ThreadPoolExecutor$Worker.run(ThreadPoolExecutor.java:635)
	at java.base/java.lang.Thread.run(Thread.java:833)
Caused by: java.lang.NullPointerException: Cannot read field "contests" because the return value of "org.icpc.tools.cds.CDSConfig.getInstance()" is null
	at org.icpc.tools.cds.CDSConfig.getContests(CDSConfig.java:513)
	at com.ibm._jsp._errorPage._jspService(_errorPage.java:284)
	at com.ibm.ws.jsp.runtime.HttpJspBase.service(HttpJspBase.java:100)
	at javax.servlet.http.HttpServlet.service(HttpServlet.java:791)
	at com.ibm.ws.webcontainer.servlet.ServletWrapper.service(ServletWrapper.java:1258)
	at com.ibm.ws.webcontainer.servlet.ServletWrapper.handleRequest(ServletWrapper.java:746)
	at com.ibm.ws.webcontainer.servlet.ServletWrapper.handleRequest(ServletWrapper.java:443)
	at com.ibm.wsspi.webcontainer.servlet.GenericServletWrapper.handleRequest(GenericServletWrapper.java:118)
	at com.ibm.ws.jsp.webcontainerext.AbstractJSPExtensionServletWrapper.handleRequest(AbstractJSPExtensionServletWrapper.java:211)
	at com.ibm.ws.webcontainer.filter.WebAppFilterChain.invokeTarget(WebAppFilterChain.java:183)
	at com.ibm.ws.webcontainer.filter.WebAppFilterChain.doFilter(WebAppFilterChain.java:94)
	at com.ibm.ws.security.jaspi.JaspiServletFilter.doFilter(JaspiServletFilter.java:56)
	at com.ibm.ws.webcontainer.filter.FilterInstanceWrapper.doFilter(FilterInstanceWrapper.java:201)
	at com.ibm.ws.webcontainer.filter.WebAppFilterChain.doFilter(WebAppFilterChain.java:91)
	at com.ibm.ws.webcontainer.filter.WebAppFilterManager.doFilter(WebAppFilterManager.java:1002)
	at com.ibm.ws.webcontainer.filter.WebAppFilterManager.invokeFilters(WebAppFilterManager.java:1140)
	at com.ibm.ws.webcontainer.filter.WebAppFilterManager.invokeFilters(WebAppFilterManager.java:1011)
	at com.ibm.ws.webcontainer.webapp.WebAppRequestDispatcher.dispatch(WebAppRequestDispatcher.java:1411)
	at com.ibm.ws.webcontainer.webapp.WebAppRequestDispatcher.forward(WebAppRequestDispatcher.java:172)
	at org.icpc.tools.cds.service.ErrorService.service(ErrorService.java:31)
	at javax.servlet.http.HttpServlet.service(HttpServlet.java:791)
	at com.ibm.ws.webcontainer.servlet.ServletWrapper.service(ServletWrapper.java:1258)
	at com.ibm.ws.webcontainer.servlet.ServletWrapper.handleRequest(ServletWrapper.java:746)
	at com.ibm.ws.webcontainer.servlet.ServletWrapper.handleRequest(ServletWrapper.java:443)
	at com.ibm.ws.webcontainer.filter.WebAppFilterChain.invokeTarget(WebAppFilterChain.java:183)
	at com.ibm.ws.webcontainer.filter.WebAppFilterChain.doFilter(WebAppFilterChain.java:94)
	at com.ibm.ws.security.jaspi.JaspiServletFilter.doFilter(JaspiServletFilter.java:56)
	at com.ibm.ws.webcontainer.filter.FilterInstanceWrapper.doFilter(FilterInstanceWrapper.java:201)
	at com.ibm.ws.webcontainer.filter.WebAppFilterChain.doFilter(WebAppFilterChain.java:91)
	at com.ibm.ws.webcontainer.filter.WebAppFilterManager.doFilter(WebAppFilterManager.java:1002)
	at com.ibm.ws.webcontainer.filter.WebAppFilterManager.invokeFilters(WebAppFilterManager.java:1140)
	at com.ibm.ws.webcontainer.filter.WebAppFilterManager.invokeFilters(WebAppFilterManager.java:1011)
	at com.ibm.ws.webcontainer.webapp.WebAppRequestDispatcher.dispatch(WebAppRequestDispatcher.java:1411)
	at com.ibm.ws.webcontainer.webapp.WebAppRequestDispatcher.forward(WebAppRequestDispatcher.java:172)
	at com.ibm.ws.webcontainer.webapp.WebApp.sendError(WebApp.java:4354)
	... 17 more

[11/11/22, 11:17:22:375 CST] 00000024 SystemErr                                                    R Could not load CDS configuration: CWWKE0800W: 尝试检索 [java:/comp/env/icpc.cds.config] 的初始上下文，但未配置 JNDI 功能部件。 / CWWKE0800W: 尝试检索 [icpc.cds.config] 的初始上下文，但未配置 JNDI 功能部件。
[11/11/22, 11:17:26:918 CST] 00000024 com.ibm.ws.webcontainer.webapp                               E SRVE0315E: 发生异常：java.lang.Throwable: java.lang.NullPointerException: Cannot invoke "org.icpc.tools.cds.CDSConfig.getUserFromHost(String)" because "config" is null
	at com.ibm.ws.webcontainer.webapp.WebApp.handleRequest(WebApp.java:5107)
	at com.ibm.ws.webcontainer.osgi.DynamicVirtualHost$2.handleRequest(DynamicVirtualHost.java:314)
	at com.ibm.ws.webcontainer.WebContainer.handleRequest(WebContainer.java:1007)
	at com.ibm.ws.webcontainer.osgi.DynamicVirtualHost$2.run(DynamicVirtualHost.java:279)
	at com.ibm.ws.http.dispatcher.internal.channel.HttpDispatcherLink$TaskWrapper.run(HttpDispatcherLink.java:1159)
	at com.ibm.ws.http.dispatcher.internal.channel.HttpDispatcherLink.wrapHandlerAndExecute(HttpDispatcherLink.java:428)
	at com.ibm.ws.http.dispatcher.internal.channel.HttpDispatcherLink.ready(HttpDispatcherLink.java:387)
	at com.ibm.ws.http.channel.internal.inbound.HttpInboundLink.handleDiscrimination(HttpInboundLink.java:566)
	at com.ibm.ws.http.channel.internal.inbound.HttpInboundLink.handleNewRequest(HttpInboundLink.java:500)
	at com.ibm.ws.http.channel.internal.inbound.HttpInboundLink.processRequest(HttpInboundLink.java:360)
	at com.ibm.ws.http.channel.internal.inbound.HttpInboundLink.ready(HttpInboundLink.java:327)
	at com.ibm.ws.tcpchannel.internal.NewConnectionInitialReadCallback.sendToDiscriminators(NewConnectionInitialReadCallback.java:167)
	at com.ibm.ws.tcpchannel.internal.NewConnectionInitialReadCallback.complete(NewConnectionInitialReadCallback.java:75)
	at com.ibm.ws.tcpchannel.internal.WorkQueueManager.requestComplete(WorkQueueManager.java:504)
	at com.ibm.ws.tcpchannel.internal.WorkQueueManager.attemptIO(WorkQueueManager.java:574)
	at com.ibm.ws.tcpchannel.internal.WorkQueueManager.workerRun(WorkQueueManager.java:958)
	at com.ibm.ws.tcpchannel.internal.WorkQueueManager$Worker.run(WorkQueueManager.java:1047)
	at com.ibm.ws.threading.internal.ExecutorServiceImpl$RunnableWrapper.run(ExecutorServiceImpl.java:238)
	at java.base/java.util.concurrent.ThreadPoolExecutor.runWorker(ThreadPoolExecutor.java:1136)
	at java.base/java.util.concurrent.ThreadPoolExecutor$Worker.run(ThreadPoolExecutor.java:635)
	at java.base/java.lang.Thread.run(Thread.java:833)
Caused by: java.lang.NullPointerException: Cannot invoke "org.icpc.tools.cds.CDSConfig.getUserFromHost(String)" because "config" is null
	at org.icpc.tools.cds.service.BasicAuthFilter.doFilter(BasicAuthFilter.java:54)
	at com.ibm.ws.webcontainer.filter.FilterInstanceWrapper.doFilter(FilterInstanceWrapper.java:201)
	at com.ibm.ws.webcontainer.filter.WebAppFilterChain.doFilter(WebAppFilterChain.java:91)
	at com.ibm.ws.security.jaspi.JaspiServletFilter.doFilter(JaspiServletFilter.java:56)
	at com.ibm.ws.webcontainer.filter.FilterInstanceWrapper.doFilter(FilterInstanceWrapper.java:201)
	at com.ibm.ws.webcontainer.filter.WebAppFilterChain.doFilter(WebAppFilterChain.java:91)
	at com.ibm.ws.webcontainer.filter.WebAppFilterManager.doFilter(WebAppFilterManager.java:1002)
	at com.ibm.ws.webcontainer.filter.WebAppFilterManager.invokeFilters(WebAppFilterManager.java:1140)
	at com.ibm.ws.webcontainer.webapp.WebApp.handleRequest(WebApp.java:5049)
	... 20 more

[11/11/22, 11:17:27:002 CST] 00000024 com.ibm.ws.webcontainer.servlet                              I SRVE0253I: [CDS] [/] [/WEB-INF/jsps/errorPage.jsp]：销毁成功。
[11/11/22, 11:17:27:006 CST] 00000024 com.ibm.ws.webcontainer.servlet                              I SRVE0242I: [CDS] [/] [/WEB-INF/jsps/errorPage.jsp]: 初始化成功。
[11/11/22, 11:17:27:007 CST] 00000024 SystemErr                                                    R Could not load CDS configuration: CWWKE0800W: 尝试检索 [java:/comp/env/icpc.cds.config] 的初始上下文，但未配置 JNDI 功能部件。 / CWWKE0800W: 尝试检索 [icpc.cds.config] 的初始上下文，但未配置 JNDI 功能部件。
[11/11/22, 11:17:27:007 CST] 00000024 com.ibm.ws.webcontainer.util.ApplicationErrorUtils           E SRVE0777E: 应用程序类“org.icpc.tools.cds.CDSConfig.getContests:513”抛出异常
java.lang.NullPointerException: Cannot read field "contests" because the return value of "org.icpc.tools.cds.CDSConfig.getInstance()" is null
	at org.icpc.tools.cds.CDSConfig.getContests(CDSConfig.java:513)
	at com.ibm._jsp._errorPage._jspService(_errorPage.java:284)
	at com.ibm.ws.jsp.runtime.HttpJspBase.service(HttpJspBase.java:100)
	at javax.servlet.http.HttpServlet.service(HttpServlet.java:791)
	at com.ibm.ws.webcontainer.servlet.ServletWrapper.service(ServletWrapper.java:1258)
	at com.ibm.ws.webcontainer.servlet.ServletWrapper.handleRequest(ServletWrapper.java:746)
	at com.ibm.ws.webcontainer.servlet.ServletWrapper.handleRequest(ServletWrapper.java:443)
	at com.ibm.wsspi.webcontainer.servlet.GenericServletWrapper.handleRequest(GenericServletWrapper.java:118)
	at com.ibm.ws.jsp.webcontainerext.AbstractJSPExtensionServletWrapper.handleRequest(AbstractJSPExtensionServletWrapper.java:211)
	at com.ibm.ws.webcontainer.filter.WebAppFilterChain.invokeTarget(WebAppFilterChain.java:183)
	at com.ibm.ws.webcontainer.filter.WebAppFilterChain.doFilter(WebAppFilterChain.java:94)
	at com.ibm.ws.security.jaspi.JaspiServletFilter.doFilter(JaspiServletFilter.java:56)
	at com.ibm.ws.webcontainer.filter.FilterInstanceWrapper.doFilter(FilterInstanceWrapper.java:201)
	at com.ibm.ws.webcontainer.filter.WebAppFilterChain.doFilter(WebAppFilterChain.java:91)
	at com.ibm.ws.webcontainer.filter.WebAppFilterManager.doFilter(WebAppFilterManager.java:1002)
	at com.ibm.ws.webcontainer.filter.WebAppFilterManager.invokeFilters(WebAppFilterManager.java:1140)
	at com.ibm.ws.webcontainer.filter.WebAppFilterManager.invokeFilters(WebAppFilterManager.java:1011)
	at com.ibm.ws.webcontainer.webapp.WebAppRequestDispatcher.dispatch(WebAppRequestDispatcher.java:1411)
	at com.ibm.ws.webcontainer.webapp.WebAppRequestDispatcher.forward(WebAppRequestDispatcher.java:172)
	at org.icpc.tools.cds.service.ErrorService.service(ErrorService.java:31)
	at javax.servlet.http.HttpServlet.service(HttpServlet.java:791)
	at com.ibm.ws.webcontainer.servlet.ServletWrapper.service(ServletWrapper.java:1258)
	at com.ibm.ws.webcontainer.servlet.ServletWrapper.handleRequest(ServletWrapper.java:746)
	at com.ibm.ws.webcontainer.servlet.ServletWrapper.handleRequest(ServletWrapper.java:443)
	at com.ibm.ws.webcontainer.filter.WebAppFilterChain.invokeTarget(WebAppFilterChain.java:183)
	at com.ibm.ws.webcontainer.filter.WebAppFilterChain.doFilter(WebAppFilterChain.java:94)
	at com.ibm.ws.security.jaspi.JaspiServletFilter.doFilter(JaspiServletFilter.java:56)
	at com.ibm.ws.webcontainer.filter.FilterInstanceWrapper.doFilter(FilterInstanceWrapper.java:201)
	at com.ibm.ws.webcontainer.filter.WebAppFilterChain.doFilter(WebAppFilterChain.java:91)
	at com.ibm.ws.webcontainer.filter.WebAppFilterManager.doFilter(WebAppFilterManager.java:1002)
	at com.ibm.ws.webcontainer.filter.WebAppFilterManager.invokeFilters(WebAppFilterManager.java:1140)
	at com.ibm.ws.webcontainer.filter.WebAppFilterManager.invokeFilters(WebAppFilterManager.java:1011)
	at com.ibm.ws.webcontainer.webapp.WebAppRequestDispatcher.dispatch(WebAppRequestDispatcher.java:1411)
	at com.ibm.ws.webcontainer.webapp.WebAppRequestDispatcher.forward(WebAppRequestDispatcher.java:172)
	at com.ibm.ws.webcontainer.webapp.WebApp.sendError(WebApp.java:4354)
	at com.ibm.ws.webcontainer.webapp.WebApp.handleException(WebApp.java:5138)
	at com.ibm.ws.webcontainer.webapp.WebApp.handleRequest(WebApp.java:5118)
	at com.ibm.ws.webcontainer.osgi.DynamicVirtualHost$2.handleRequest(DynamicVirtualHost.java:314)
	at com.ibm.ws.webcontainer.WebContainer.handleRequest(WebContainer.java:1007)
	at com.ibm.ws.webcontainer.osgi.DynamicVirtualHost$2.run(DynamicVirtualHost.java:279)
	at com.ibm.ws.http.dispatcher.internal.channel.HttpDispatcherLink$TaskWrapper.run(HttpDispatcherLink.java:1159)
	at com.ibm.ws.http.dispatcher.internal.channel.HttpDispatcherLink.wrapHandlerAndExecute(HttpDispatcherLink.java:428)
	at com.ibm.ws.http.dispatcher.internal.channel.HttpDispatcherLink.ready(HttpDispatcherLink.java:387)
	at com.ibm.ws.http.channel.internal.inbound.HttpInboundLink.handleDiscrimination(HttpInboundLink.java:566)
	at com.ibm.ws.http.channel.internal.inbound.HttpInboundLink.handleNewRequest(HttpInboundLink.java:500)
	at com.ibm.ws.http.channel.internal.inbound.HttpInboundLink.processRequest(HttpInboundLink.java:360)
	at com.ibm.ws.http.channel.internal.inbound.HttpInboundLink.ready(HttpInboundLink.java:327)
	at com.ibm.ws.tcpchannel.internal.NewConnectionInitialReadCallback.sendToDiscriminators(NewConnectionInitialReadCallback.java:167)
	at com.ibm.ws.tcpchannel.internal.NewConnectionInitialReadCallback.complete(NewConnectionInitialReadCallback.java:75)
	at com.ibm.ws.tcpchannel.internal.WorkQueueManager.requestComplete(WorkQueueManager.java:504)
	at com.ibm.ws.tcpchannel.internal.WorkQueueManager.attemptIO(WorkQueueManager.java:574)
	at com.ibm.ws.tcpchannel.internal.WorkQueueManager.workerRun(WorkQueueManager.java:958)
	at com.ibm.ws.tcpchannel.internal.WorkQueueManager$Worker.run(WorkQueueManager.java:1047)
	at com.ibm.ws.threading.internal.ExecutorServiceImpl$RunnableWrapper.run(ExecutorServiceImpl.java:238)
	at java.base/java.util.concurrent.ThreadPoolExecutor.runWorker(ThreadPoolExecutor.java:1136)
	at java.base/java.util.concurrent.ThreadPoolExecutor$Worker.run(ThreadPoolExecutor.java:635)
	at java.base/java.lang.Thread.run(Thread.java:833)

[11/11/22, 11:17:27:008 CST] 00000024 com.ibm.ws.webcontainer.util.ApplicationErrorUtils           E SRVE0777E: 应用程序类“org.icpc.tools.cds.CDSConfig.getContests:513”抛出异常
java.lang.NullPointerException: Cannot read field "contests" because the return value of "org.icpc.tools.cds.CDSConfig.getInstance()" is null
	at org.icpc.tools.cds.CDSConfig.getContests(CDSConfig.java:513)
	at com.ibm._jsp._errorPage._jspService(_errorPage.java:284)
	at com.ibm.ws.jsp.runtime.HttpJspBase.service(HttpJspBase.java:100)
	at javax.servlet.http.HttpServlet.service(HttpServlet.java:791)
	at com.ibm.ws.webcontainer.servlet.ServletWrapper.service(ServletWrapper.java:1258)
	at com.ibm.ws.webcontainer.servlet.ServletWrapper.handleRequest(ServletWrapper.java:746)
	at com.ibm.ws.webcontainer.servlet.ServletWrapper.handleRequest(ServletWrapper.java:443)
	at com.ibm.wsspi.webcontainer.servlet.GenericServletWrapper.handleRequest(GenericServletWrapper.java:118)
	at com.ibm.ws.jsp.webcontainerext.AbstractJSPExtensionServletWrapper.handleRequest(AbstractJSPExtensionServletWrapper.java:211)
	at com.ibm.ws.webcontainer.filter.WebAppFilterChain.invokeTarget(WebAppFilterChain.java:183)
	at com.ibm.ws.webcontainer.filter.WebAppFilterChain.doFilter(WebAppFilterChain.java:94)
	at com.ibm.ws.security.jaspi.JaspiServletFilter.doFilter(JaspiServletFilter.java:56)
	at com.ibm.ws.webcontainer.filter.FilterInstanceWrapper.doFilter(FilterInstanceWrapper.java:201)
	at com.ibm.ws.webcontainer.filter.WebAppFilterChain.doFilter(WebAppFilterChain.java:91)
	at com.ibm.ws.webcontainer.filter.WebAppFilterManager.doFilter(WebAppFilterManager.java:1002)
	at com.ibm.ws.webcontainer.filter.WebAppFilterManager.invokeFilters(WebAppFilterManager.java:1140)
	at com.ibm.ws.webcontainer.filter.WebAppFilterManager.invokeFilters(WebAppFilterManager.java:1011)
	at com.ibm.ws.webcontainer.webapp.WebAppRequestDispatcher.dispatch(WebAppRequestDispatcher.java:1411)
	at com.ibm.ws.webcontainer.webapp.WebAppRequestDispatcher.forward(WebAppRequestDispatcher.java:172)
	at org.icpc.tools.cds.service.ErrorService.service(ErrorService.java:31)
	at javax.servlet.http.HttpServlet.service(HttpServlet.java:791)
	at com.ibm.ws.webcontainer.servlet.ServletWrapper.service(ServletWrapper.java:1258)
	at com.ibm.ws.webcontainer.servlet.ServletWrapper.handleRequest(ServletWrapper.java:746)
	at com.ibm.ws.webcontainer.servlet.ServletWrapper.handleRequest(ServletWrapper.java:443)
	at com.ibm.ws.webcontainer.filter.WebAppFilterChain.invokeTarget(WebAppFilterChain.java:183)
	at com.ibm.ws.webcontainer.filter.WebAppFilterChain.doFilter(WebAppFilterChain.java:94)
	at com.ibm.ws.security.jaspi.JaspiServletFilter.doFilter(JaspiServletFilter.java:56)
	at com.ibm.ws.webcontainer.filter.FilterInstanceWrapper.doFilter(FilterInstanceWrapper.java:201)
	at com.ibm.ws.webcontainer.filter.WebAppFilterChain.doFilter(WebAppFilterChain.java:91)
	at com.ibm.ws.webcontainer.filter.WebAppFilterManager.doFilter(WebAppFilterManager.java:1002)
	at com.ibm.ws.webcontainer.filter.WebAppFilterManager.invokeFilters(WebAppFilterManager.java:1140)
	at com.ibm.ws.webcontainer.filter.WebAppFilterManager.invokeFilters(WebAppFilterManager.java:1011)
	at com.ibm.ws.webcontainer.webapp.WebAppRequestDispatcher.dispatch(WebAppRequestDispatcher.java:1411)
	at com.ibm.ws.webcontainer.webapp.WebAppRequestDispatcher.forward(WebAppRequestDispatcher.java:172)
	at com.ibm.ws.webcontainer.webapp.WebApp.sendError(WebApp.java:4354)
	at com.ibm.ws.webcontainer.webapp.WebApp.handleException(WebApp.java:5138)
	at com.ibm.ws.webcontainer.webapp.WebApp.handleRequest(WebApp.java:5118)
	at com.ibm.ws.webcontainer.osgi.DynamicVirtualHost$2.handleRequest(DynamicVirtualHost.java:314)
	at com.ibm.ws.webcontainer.WebContainer.handleRequest(WebContainer.java:1007)
	at com.ibm.ws.webcontainer.osgi.DynamicVirtualHost$2.run(DynamicVirtualHost.java:279)
	at com.ibm.ws.http.dispatcher.internal.channel.HttpDispatcherLink$TaskWrapper.run(HttpDispatcherLink.java:1159)
	at com.ibm.ws.http.dispatcher.internal.channel.HttpDispatcherLink.wrapHandlerAndExecute(HttpDispatcherLink.java:428)
	at com.ibm.ws.http.dispatcher.internal.channel.HttpDispatcherLink.ready(HttpDispatcherLink.java:387)
	at com.ibm.ws.http.channel.internal.inbound.HttpInboundLink.handleDiscrimination(HttpInboundLink.java:566)
	at com.ibm.ws.http.channel.internal.inbound.HttpInboundLink.handleNewRequest(HttpInboundLink.java:500)
	at com.ibm.ws.http.channel.internal.inbound.HttpInboundLink.processRequest(HttpInboundLink.java:360)
	at com.ibm.ws.http.channel.internal.inbound.HttpInboundLink.ready(HttpInboundLink.java:327)
	at com.ibm.ws.tcpchannel.internal.NewConnectionInitialReadCallback.sendToDiscriminators(NewConnectionInitialReadCallback.java:167)
	at com.ibm.ws.tcpchannel.internal.NewConnectionInitialReadCallback.complete(NewConnectionInitialReadCallback.java:75)
	at com.ibm.ws.tcpchannel.internal.WorkQueueManager.requestComplete(WorkQueueManager.java:504)
	at com.ibm.ws.tcpchannel.internal.WorkQueueManager.attemptIO(WorkQueueManager.java:574)
	at com.ibm.ws.tcpchannel.internal.WorkQueueManager.workerRun(WorkQueueManager.java:958)
	at com.ibm.ws.tcpchannel.internal.WorkQueueManager$Worker.run(WorkQueueManager.java:1047)
	at com.ibm.ws.threading.internal.ExecutorServiceImpl$RunnableWrapper.run(ExecutorServiceImpl.java:238)
	at java.base/java.util.concurrent.ThreadPoolExecutor.runWorker(ThreadPoolExecutor.java:1136)
	at java.base/java.util.concurrent.ThreadPoolExecutor$Worker.run(ThreadPoolExecutor.java:635)
	at java.base/java.lang.Thread.run(Thread.java:833)

[11/11/22, 11:17:27:010 CST] 00000024 com.ibm.ws.webcontainer.webapp                               E 错误页异常: 
                                                                                                               CDS
                                                                                                               /
                                                                                                               错误页异常
                                                                                                               com.ibm.ws.webcontainer.webapp.WebAppErrorReport: java.lang.NullPointerException: Cannot read field &quot;contests&quot; because the return value of &quot;org.icpc.tools.cds.CDSConfig.getInstance&#40;&#41;&quot; is null
	at com.ibm.ws.webcontainer.webapp.WebApp.sendError(WebApp.java:4399)
	at com.ibm.ws.webcontainer.webapp.WebApp.handleException(WebApp.java:5138)
	at com.ibm.ws.webcontainer.webapp.WebApp.handleRequest(WebApp.java:5118)
	at com.ibm.ws.webcontainer.osgi.DynamicVirtualHost$2.handleRequest(DynamicVirtualHost.java:314)
	at com.ibm.ws.webcontainer.WebContainer.handleRequest(WebContainer.java:1007)
	at com.ibm.ws.webcontainer.osgi.DynamicVirtualHost$2.run(DynamicVirtualHost.java:279)
	at com.ibm.ws.http.dispatcher.internal.channel.HttpDispatcherLink$TaskWrapper.run(HttpDispatcherLink.java:1159)
	at com.ibm.ws.http.dispatcher.internal.channel.HttpDispatcherLink.wrapHandlerAndExecute(HttpDispatcherLink.java:428)
	at com.ibm.ws.http.dispatcher.internal.channel.HttpDispatcherLink.ready(HttpDispatcherLink.java:387)
	at com.ibm.ws.http.channel.internal.inbound.HttpInboundLink.handleDiscrimination(HttpInboundLink.java:566)
	at com.ibm.ws.http.channel.internal.inbound.HttpInboundLink.handleNewRequest(HttpInboundLink.java:500)
	at com.ibm.ws.http.channel.internal.inbound.HttpInboundLink.processRequest(HttpInboundLink.java:360)
	at com.ibm.ws.http.channel.internal.inbound.HttpInboundLink.ready(HttpInboundLink.java:327)
	at com.ibm.ws.tcpchannel.internal.NewConnectionInitialReadCallback.sendToDiscriminators(NewConnectionInitialReadCallback.java:167)
	at com.ibm.ws.tcpchannel.internal.NewConnectionInitialReadCallback.complete(NewConnectionInitialReadCallback.java:75)
	at com.ibm.ws.tcpchannel.internal.WorkQueueManager.requestComplete(WorkQueueManager.java:504)
	at com.ibm.ws.tcpchannel.internal.WorkQueueManager.attemptIO(WorkQueueManager.java:574)
	at com.ibm.ws.tcpchannel.internal.WorkQueueManager.workerRun(WorkQueueManager.java:958)
	at com.ibm.ws.tcpchannel.internal.WorkQueueManager$Worker.run(WorkQueueManager.java:1047)
	at com.ibm.ws.threading.internal.ExecutorServiceImpl$RunnableWrapper.run(ExecutorServiceImpl.java:238)
	at java.base/java.util.concurrent.ThreadPoolExecutor.runWorker(ThreadPoolExecutor.java:1136)
	at java.base/java.util.concurrent.ThreadPoolExecutor$Worker.run(ThreadPoolExecutor.java:635)
	at java.base/java.lang.Thread.run(Thread.java:833)
Caused by: java.lang.NullPointerException: Cannot read field "contests" because the return value of "org.icpc.tools.cds.CDSConfig.getInstance()" is null
	at org.icpc.tools.cds.CDSConfig.getContests(CDSConfig.java:513)
	at com.ibm._jsp._errorPage._jspService(_errorPage.java:284)
	at com.ibm.ws.jsp.runtime.HttpJspBase.service(HttpJspBase.java:100)
	at javax.servlet.http.HttpServlet.service(HttpServlet.java:791)
	at com.ibm.ws.webcontainer.servlet.ServletWrapper.service(ServletWrapper.java:1258)
	at com.ibm.ws.webcontainer.servlet.ServletWrapper.handleRequest(ServletWrapper.java:746)
	at com.ibm.ws.webcontainer.servlet.ServletWrapper.handleRequest(ServletWrapper.java:443)
	at com.ibm.wsspi.webcontainer.servlet.GenericServletWrapper.handleRequest(GenericServletWrapper.java:118)
	at com.ibm.ws.jsp.webcontainerext.AbstractJSPExtensionServletWrapper.handleRequest(AbstractJSPExtensionServletWrapper.java:211)
	at com.ibm.ws.webcontainer.filter.WebAppFilterChain.invokeTarget(WebAppFilterChain.java:183)
	at com.ibm.ws.webcontainer.filter.WebAppFilterChain.doFilter(WebAppFilterChain.java:94)
	at com.ibm.ws.security.jaspi.JaspiServletFilter.doFilter(JaspiServletFilter.java:56)
	at com.ibm.ws.webcontainer.filter.FilterInstanceWrapper.doFilter(FilterInstanceWrapper.java:201)
	at com.ibm.ws.webcontainer.filter.WebAppFilterChain.doFilter(WebAppFilterChain.java:91)
	at com.ibm.ws.webcontainer.filter.WebAppFilterManager.doFilter(WebAppFilterManager.java:1002)
	at com.ibm.ws.webcontainer.filter.WebAppFilterManager.invokeFilters(WebAppFilterManager.java:1140)
	at com.ibm.ws.webcontainer.filter.WebAppFilterManager.invokeFilters(WebAppFilterManager.java:1011)
	at com.ibm.ws.webcontainer.webapp.WebAppRequestDispatcher.dispatch(WebAppRequestDispatcher.java:1411)
	at com.ibm.ws.webcontainer.webapp.WebAppRequestDispatcher.forward(WebAppRequestDispatcher.java:172)
	at org.icpc.tools.cds.service.ErrorService.service(ErrorService.java:31)
	at javax.servlet.http.HttpServlet.service(HttpServlet.java:791)
	at com.ibm.ws.webcontainer.servlet.ServletWrapper.service(ServletWrapper.java:1258)
	at com.ibm.ws.webcontainer.servlet.ServletWrapper.handleRequest(ServletWrapper.java:746)
	at com.ibm.ws.webcontainer.servlet.ServletWrapper.handleRequest(ServletWrapper.java:443)
	at com.ibm.ws.webcontainer.filter.WebAppFilterChain.invokeTarget(WebAppFilterChain.java:183)
	at com.ibm.ws.webcontainer.filter.WebAppFilterChain.doFilter(WebAppFilterChain.java:94)
	at com.ibm.ws.security.jaspi.JaspiServletFilter.doFilter(JaspiServletFilter.java:56)
	at com.ibm.ws.webcontainer.filter.FilterInstanceWrapper.doFilter(FilterInstanceWrapper.java:201)
	at com.ibm.ws.webcontainer.filter.WebAppFilterChain.doFilter(WebAppFilterChain.java:91)
	at com.ibm.ws.webcontainer.filter.WebAppFilterManager.doFilter(WebAppFilterManager.java:1002)
	at com.ibm.ws.webcontainer.filter.WebAppFilterManager.invokeFilters(WebAppFilterManager.java:1140)
	at com.ibm.ws.webcontainer.filter.WebAppFilterManager.invokeFilters(WebAppFilterManager.java:1011)
	at com.ibm.ws.webcontainer.webapp.WebAppRequestDispatcher.dispatch(WebAppRequestDispatcher.java:1411)
	at com.ibm.ws.webcontainer.webapp.WebAppRequestDispatcher.forward(WebAppRequestDispatcher.java:172)
	at com.ibm.ws.webcontainer.webapp.WebApp.sendError(WebApp.java:4354)
	... 22 more

