------Start of DE processing------ = [11/11/22, 11:11:46:683 CST]
Exception = java.lang.reflect.InaccessibleObjectException
Source = com.ibm.ws.kernel.service.location.internal.Activator
probeid = 96
Stack Dump = java.lang.reflect.InaccessibleObjectException: Unable to make field private static javax.naming.spi.InitialContextFactoryBuilder javax.naming.spi.NamingManager.initctx_factory_builder accessible: module java.naming does not "opens javax.naming.spi" to unnamed module @7fe3bbc9
	at java.base/java.lang.reflect.AccessibleObject.checkCanSetAccessible(AccessibleObject.java:354)
	at java.base/java.lang.reflect.AccessibleObject.checkCanSetAccessible(AccessibleObject.java:297)
	at java.base/java.lang.reflect.Field.checkCanSetAccessible(Field.java:178)
	at java.base/java.lang.reflect.Field.setAccessible(Field.java:172)
	at com.ibm.ws.kernel.service.location.internal.Activator.stop(Activator.java:88)
	at org.eclipse.osgi.internal.framework.BundleContextImpl$3.run(BundleContextImpl.java:871)
	at org.eclipse.osgi.internal.framework.BundleContextImpl$3.run(BundleContextImpl.java:1)
	at java.base/java.security.AccessController.doPrivileged(AccessController.java:569)
	at org.eclipse.osgi.internal.framework.BundleContextImpl.stop(BundleContextImpl.java:863)
	at org.eclipse.osgi.internal.framework.EquinoxBundle.stopWorker0(EquinoxBundle.java:1026)
	at org.eclipse.osgi.internal.framework.EquinoxBundle$EquinoxModule.stopWorker(EquinoxBundle.java:371)
	at org.eclipse.osgi.container.Module.doStop(Module.java:660)
	at org.eclipse.osgi.container.Module.stop(Module.java:521)
	at org.eclipse.osgi.container.ModuleContainer$ContainerStartLevel.decStartLevel(ModuleContainer.java:1886)
	at org.eclipse.osgi.container.ModuleContainer$ContainerStartLevel.doContainerStartLevel(ModuleContainer.java:1761)
	at org.eclipse.osgi.container.SystemModule.stopWorker(SystemModule.java:275)
	at org.eclipse.osgi.internal.framework.EquinoxBundle$SystemBundle$EquinoxSystemModule.stopWorker(EquinoxBundle.java:203)
	at org.eclipse.osgi.container.Module.doStop(Module.java:660)
	at org.eclipse.osgi.container.Module.stop(Module.java:521)
	at org.eclipse.osgi.container.SystemModule.stop(SystemModule.java:207)
	at org.eclipse.osgi.internal.framework.EquinoxBundle$SystemBundle$EquinoxSystemModule$1.run(EquinoxBundle.java:221)
	at java.base/java.lang.Thread.run(Thread.java:833)

Dump of callerThis
Object type = com.ibm.ws.kernel.service.location.internal.Activator
  tc = class com.ibm.websphere.ras.TraceComponent@277b1578
    strings[0] = "TraceComponent[com.ibm.ws.kernel.service.location.internal.Activator,class com.ibm.ws.kernel.service.location.internal.Activator,[locationService],com.ibm.ws.kernel.service.location.internal.resources.LocServiceMessages,null]"
  context = null
  contextFactory = class com.ibm.ws.kernel.pseudo.internal.PseudoContextFactory@66385657
    serialVersionUID = -4628437171020098129
    $$$tc$$$ = class com.ibm.websphere.ras.TraceComponent@283b8624
      strings[0] = "TraceComponent[com.ibm.ws.kernel.pseudo.internal.PseudoContextFactory,class com.ibm.ws.kernel.pseudo.internal.PseudoContextFactory,[kernelUtils],com.ibm.ws.kernel.pseudo.internal.resources.Messages,null]"
  serialVersionUID = -4492707902302007934

Dump of objectArray[0]
Object type = org.eclipse.osgi.internal.framework.BundleContextImpl
  valid = true
  bundle = class org.eclipse.osgi.internal.framework.EquinoxBundle@25d4da65
    equinoxContainer = class org.eclipse.osgi.internal.framework.EquinoxContainer@fc02846
    module = class org.eclipse.osgi.internal.framework.EquinoxBundle$EquinoxModule@3e2c9a29
      this$0 = class org.eclipse.osgi.internal.framework.EquinoxBundle@25d4da65
      ACTIVE_SET = class java.util.RegularEnumSet@335daa54
      RESOLVED_SET = class java.util.RegularEnumSet@2e6f3f
      id = 5
      location = "kernel@reference:file:/C:/Users/29863/Desktop/icpctools-main/CDS/wlp/lib/com.ibm.ws.kernel.service_1.3.57.jar"
      revisions = class org.eclipse.osgi.container.ModuleRevisions@7ad8ebe6
      stateChangeLock = class org.eclipse.osgi.internal.container.EquinoxReentrantLock@6ff1c0b1
      stateTransitionEvents = class java.util.RegularEnumSet@31a0d811
      settings = class java.util.RegularEnumSet@42040e8d
      inStart = class java.util.concurrent.atomic.AtomicInteger@7f3e5af0
      state = class org.eclipse.osgi.container.Module$State@1eabf9ee
      startlevel = 2
      lastModified = 1668136018682
      VALID_RESOLVED_TRANSITION = class java.util.RegularEnumSet@297cda7a
      VALID_STOPPED_TRANSITION = class java.util.RegularEnumSet@4b6ec9be
      $SWITCH_TABLE$org$eclipse$osgi$container$ModuleContainerAdaptor$ModuleEvent = {1,2,3,4,5,6,7,8,9,10} /* array length = 10 */
    monitor = class java.lang.Object@18b63b3e
    context = class org.eclipse.osgi.internal.framework.BundleContextImpl@4aa94017
    signerInfos = null
    $SWITCH_TABLE$org$eclipse$osgi$container$Module$State = {1,2,3,4,5,6,7} /* array length = 7 */
  container = class org.eclipse.osgi.internal.framework.EquinoxContainer@fc02846
    NAME = "org.eclipse.osgi"
    secureAction = class org.eclipse.osgi.framework.util.SecureAction@3c185c91
      controlContext = class java.security.AccessControlContext@a9a81de
      bootClassLoader = class org.eclipse.osgi.framework.util.SecureAction$1$1@3108bc
    connectModules = class org.eclipse.osgi.internal.framework.EquinoxContainer$ConnectModules@2fb8801f
      moduleConnector = null
      connectModules = class java.util.concurrent.ConcurrentHashMap@1e642655
      contents = class java.util.WeakHashMap@3e0fa9d9
    equinoxConfig = class org.eclipse.osgi.internal.framework.EquinoxConfiguration@7a2094e0
      CONFIG_FILE = "config.ini"
      INTERNAL_OS_SUNOS = "SunOS"
      INTERNAL_OS_LINUX = "Linux"
      INTERNAL_OS_MACOSX = "Mac OS"
      INTERNAL_OS_AIX = "AIX"
      INTERNAL_OS_HPUX = "HP-UX"
      INTERNAL_OS_QNX = "QNX"
      INTERNAL_OS_OS400 = "OS/400"
      INTERNAL_OS_OS390 = "OS/390"
      INTERNAL_OS_ZOS = "z/OS"
      INTERNAL_OS_FREEBSD = "FreeBSD"
      INTERNAL_ARCH_I386 = "i386"
      INTERNAL_AMD64 = "amd64"
      VARIABLE_DELIM_STRING = "$"
      VARIABLE_DELIM_CHAR = $
      configValues = class org.eclipse.osgi.internal.framework.EquinoxConfiguration$ConfigValues@5d64d032
      debug = class org.eclipse.osgi.internal.debug.Debug@2c9bb776
      debugOptions = class org.eclipse.osgi.internal.debug.FrameworkDebugOptions@47272669
      hookRegistry = class org.eclipse.osgi.internal.hookregistry.HookRegistry@5e5a5da3
      aliasMapper = class org.eclipse.osgi.internal.framework.AliasMapper@6ad7c6e4
      equinoxLocations = class org.eclipse.osgi.internal.location.EquinoxLocations@11c96ecc
      allArgs = null
      frameworkArgs = null
      appArgs = null
      inDevelopmentMode = false
      devLocation = null
      devMonitor = class java.lang.Object@6fa306f2
      devDefaultClasspath = null
      devProperties = null
      devLastModified = 0
      contextBootDelegation = false
      compatibilityBootDelegation = false
      compatibilityLazyTriggerOnFailLoad = false
      LIB_EXTENSIONS = class java.util.Collections$UnmodifiableRandomAccessList@6318e9e0
      ECLIPSE_LIB_VARIANTS = class java.util.Collections$UnmodifiableRandomAccessList@372cf381
      COPY_NATIVES = false
      ECLIPSE_NL_JAR_VARIANTS = class java.util.ArrayList@6d4944a6
      DEFINE_PACKAGE_ATTRIBUTES = true
      BUNDLE_SET_TCCL = true
      BSN_VERSION = 3
      BSN_VERSION_SINGLE = 1
      BSN_VERSION_MULTIPLE = 2
      BSN_VERSION_MANAGED = 3
      throwErrorOnFailedStart = true
      CLASS_CERTIFICATE = true
      PARALLEL_CAPABLE = false
      exceptions = class java.util.LinkedHashMap@1a2a5b6b
      PROP_JVM_OS_ARCH = "os.arch"
      PROP_JVM_OS_NAME = "os.name"
      PROP_JVM_OS_VERSION = "os.version"
      PROP_JVM_SPEC_VERSION = "java.specification.version"
      PROP_JVM_SPEC_NAME = "java.specification.name"
      PROP_SETPERMS_CMD = "osgi.filepermissions.command"
      PROP_DEBUG = "osgi.debug"
      PROP_DEBUG_VERBOSE = "osgi.debug.verbose"
      PROP_DEV = "osgi.dev"
      PROP_CLEAN = "osgi.clean"
      PROP_USE_SYSTEM_PROPERTIES = "osgi.framework.useSystemProperties"
      PROP_FRAMEWORK = "osgi.framework"
      ECLIPSE_FRAMEWORK_VENDOR = "Eclipse"
      PROP_OSGI_JAVA_PROFILE = "osgi.java.profile"
      PROP_OSGI_JAVA_PROFILE_NAME = "osgi.java.profile.name"
      PROP_OSGI_JAVA_PROFILE_BOOTDELEGATION = "osgi.java.profile.bootdelegation"
      PROP_OSGI_BOOTDELEGATION_IGNORE = "ignore"
      PROP_OSGI_BOOTDELEGATION_OVERRIDE = "override"
      PROP_OSGI_BOOTDELEGATION_NONE = "none"
      PROP_CONTEXT_BOOTDELEGATION = "osgi.context.bootdelegation"
      PROP_COMPATIBILITY_BOOTDELEGATION = "osgi.compatibility.bootdelegation"
      PROP_DS_DELAYED_KEEPINSTANCES = "ds.delayed.keepInstances"
      PROP_COMPATIBILITY_ERROR_FAILED_START = "osgi.compatibility.errorOnFailedStart"
      PROP_COMPATIBILITY_START_LAZY = "osgi.compatibility.eagerStart.LazyActivation"
      PROP_COMPATIBILITY_START_LAZY_ON_FAIL_CLASSLOAD = "osgi.compatibility.trigger.lazyActivation.onFailedClassLoad"
      PROP_OSGI_OS = "osgi.os"
      PROP_OSGI_WS = "osgi.ws"
      PROP_OSGI_ARCH = "osgi.arch"
      PROP_OSGI_NL = "osgi.nl"
      PROP_OSGI_NL_USER = "osgi.nl.user"
      PROP_ROOT_LOCALE = "equinox.root.locale"
      PROP_PARENT_CLASSLOADER = "osgi.parentClassloader"
      PARENT_CLASSLOADER_FWK = "fwk"
      PROP_CONTEXTCLASSLOADER_PARENT = "osgi.contextClassLoaderParent"
      CONTEXTCLASSLOADER_PARENT_APP = "app"
      CONTEXTCLASSLOADER_PARENT_EXT = "ext"
      CONTEXTCLASSLOADER_PARENT_BOOT = "boot"
      CONTEXTCLASSLOADER_PARENT_FWK = "fwk"
      PROP_FRAMEWORK_LIBRARY_EXTENSIONS = "osgi.framework.library.extensions"
      PROP_COPY_NATIVES = "osgi.classloader.copy.natives"
      PROP_DEFINE_PACKAGES = "osgi.classloader.define.packages"
      PROP_BUNDLE_SETTCCL = "eclipse.bundle.setTCCL"
      PROP_EQUINOX_SECURITY = "eclipse.security"
      PROP_FILE_LIMIT = "osgi.bundlefile.limit"
      PROP_CLASS_CERTIFICATE_SUPPORT = "osgi.support.class.certificate"
      PROP_CLASS_LOADER_TYPE = "osgi.classloader.type"
      CLASS_LOADER_TYPE_PARALLEL = "parallel"
      PROP_FORCED_RESTART = "osgi.forcedRestart"
      PROP_IGNORE_USER_CONFIGURATION = "eclipse.ignoreUserConfiguration"
      PROPERTY_STRICT_BUNDLE_ENTRY_PATH = "osgi.strictBundleEntryPath"
      PROP_CHECK_CONFIGURATION = "osgi.checkConfiguration"
      inCheckConfigurationMode = true
      DEFAULT_STATE_SAVE_DELAY_INTERVAL = "30000"
      PROP_STATE_SAVE_DELAY_INTERVAL = "eclipse.stateSaveDelayInterval"
      PROP_MODULE_LOCK_TIMEOUT = "osgi.module.lock.timeout"
      PROP_MODULE_AUTO_START_ON_RESOLVE = "osgi.module.auto.start.on.resolve"
      PROP_ALLOW_RESTRICTED_PROVIDES = "osgi.equinox.allow.restricted.provides"
      PROP_LOG_HISTORY_MAX = "equinox.log.history.max"
      PROP_LOG_CAPTURE_ENTRY_LOCATION = "equinox.log.capture.entry.location"
      PROP_RESOLVER_THREAD_COUNT = "equinox.resolver.thead.count"
      PROP_EQUINOX_RESOLVER_THREAD_COUNT = "equinox.resolver.thread.count"
      PROP_EQUINOX_START_LEVEL_THREAD_COUNT = "equinox.start.level.thread.count"
      PROP_EQUINOX_START_LEVEL_RESTRICT_PARALLEL = "equinox.start.level.restrict.parallel"
      PROP_RESOLVER_REVISION_BATCH_SIZE = "equinox.resolver.revision.batch.size"
      PROP_RESOLVER_BATCH_TIMEOUT = "equinox.resolver.batch.timeout"
      PROP_SYSTEM_PROVIDE_HEADER = "equinox.system.provide.header"
      SYSTEM_PROVIDE_HEADER_ORIGINAL = "original"
      SYSTEM_PROVIDE_HEADER_SYSTEM = "system"
      SYSTEM_PROVIDE_HEADER_SYSTEM_EXTRA = "system.extra"
      PROP_DEFAULT_SUFFIX = ".default"
      PROP_WITH_ECLIPSE_STARTER_DEFAULTS = class java.util.Collections$UnmodifiableRandomAccessList@3e59e627
      PROP_INIT_UUID = "equinox.init.uuid"
      PROP_ACTIVE_THREAD_TYPE = "osgi.framework.activeThreadType"
      ACTIVE_THREAD_TYPE_NORMAL = "normal"
      PROP_GOSH_ARGS = "gosh.args"
      PROP_SECURE_UUID = "equinox.uuid.secure"
    logServices = class org.eclipse.osgi.internal.log.EquinoxLogServices@5fc5bcb1
      EQUINOX_LOGGER_NAME = "org.eclipse.equinox.logger"
      PERF_LOGGER_NAME = "org.eclipse.performance.logger"
      PROP_LOG_ENABLED = "eclipse.log.enabled"
      LOG_EXT = ".log"
      logServiceManager = class org.eclipse.osgi.internal.log.LogServiceManager@645d79fd
      eclipseLogFactory = class org.eclipse.osgi.internal.log.EquinoxLogFactory@3a9790d9
      logWriter = class org.eclipse.osgi.internal.log.EquinoxLogWriter@16be9c66
      perfWriter = class org.eclipse.osgi.internal.log.EquinoxLogWriter@4b5181b2
      rootFrameworkLog = class org.eclipse.osgi.internal.log.EquinoxLogFactory$1@444c9bb4
      frameworkLogReg = class org.eclipse.osgi.internal.serviceregistry.ServiceRegistrationImpl@42dbdabc
      perfLogReg = class org.eclipse.osgi.internal.serviceregistry.ServiceRegistrationImpl@20e4332d
    storage = class org.eclipse.osgi.storage.Storage@760303bc
      VERSION = 6
      CONTENT_TYPE_VERSION = 6
      CACHED_SYSTEM_CAPS_VERION = 5
      MR_JAR_VERSION = 4
      LOWEST_VERSION_SUPPORTED = 3
      BUNDLE_DATA_DIR = "data"
      BUNDLE_FILE_NAME = "bundleFile"
      FRAMEWORK_INFO = "framework.info"
      ECLIPSE_SYSTEMBUNDLE = "Eclipse-SystemBundle"
      DELETE_FLAG = ".delete"
      LIB_TEMP = "libtemp"
      JAVASE = "JavaSE"
      PROFILE_EXT = ".profile"
      NUL = " "
      INITIAL_LOCATION = "initial@"
      secureAction = class org.eclipse.osgi.framework.util.SecureAction@461797ac
      equinoxContainer = class org.eclipse.osgi.internal.framework.EquinoxContainer@fc02846
      installPath = "/C:/Users/29863/Desktop/icpctools-main/CDS/wlp/lib/"
      osgiLocation = class org.eclipse.osgi.internal.location.BasicLocation@770ffa40
      childRoot = class java.io.File@4beba4b4
      parentRoot = null
      permissionData = class org.eclipse.osgi.storage.PermissionData@177b3c14
      securityAdmin = class org.eclipse.osgi.internal.permadmin.SecurityAdmin@6d2b73a0
      adaptor = class org.eclipse.osgi.internal.framework.EquinoxContainerAdaptor@657e59bf
      moduleDatabase = class org.eclipse.osgi.container.ModuleDatabase@73268fa0
      moduleContainer = class org.eclipse.osgi.container.ModuleContainer@779a4cfc
      saveMonitor = class java.lang.Object@3df3864c
      lastSavedTimestamp = 1668136019295
      mruList = class org.eclipse.osgi.storage.bundlefile.MRUBundleFileList@b734421
      extensionInstaller = class org.eclipse.osgi.storage.FrameworkExtensionInstaller@1cd75751
      cachedHeaderKeys = class java.util.Arrays$ArrayList@5bcb80e4
      allowRestrictedProvides = true
      refreshMRBundles = class java.util.concurrent.atomic.AtomicBoolean@7aabac37
      runtimeVersion = class org.osgi.framework.Version@6b68ad0f
      javaSpecVersion = "17"
      $SWITCH_TABLE$org$eclipse$osgi$storage$ContentProvider$Type = null
    bootDelegation = class java.util.HashSet@8012539
      serialVersionUID = "/* Could not access serialVersionUID */"
      map = "/* Could not access map */"
      PRESENT = "/* Could not access PRESENT */"
    bootDelegationStems = class java.lang.String[12]
      String[0] = "sun."
      String[1] = "com.sun."
      String[2] = "com.ibm.ws.boot.delegated."
      String[3] = "org.apache.xml."
      String[4] = "org.apache.xerces."
      String[5] = "com.ibm.xylem."
      String[6] = "com.ibm.xml."
      String[7] = "com.ibm.xtq."
      String[8] = "com.ibm.net.ssl."
      String[9] = "com.ibm.crypto."
      String[10] = "com.ibm.security."
      String[11] = "jdk."
    bootDelegateAll = false
    isProcessClassRecursionSupportedByAll = false
    eventPublisher = class org.eclipse.osgi.internal.framework.EquinoxEventPublisher@1100fca1
      FRAMEWORK_STOPPED_MASK = 1472
      BUNDLEEVENT = 1
      BUNDLEEVENTSYNC = 2
      FRAMEWORKEVENT = 4
      container = class org.eclipse.osgi.internal.framework.EquinoxContainer@fc02846
      monitor = class java.lang.Object@1cb54d5
      eventManager = class org.eclipse.osgi.framework.eventmgr.EventManager@7052f215
      allBundleListeners = class java.util.LinkedHashMap@531c0b93
      allSyncBundleListeners = class java.util.LinkedHashMap@fceb844
      allFrameworkListeners = class java.util.LinkedHashMap@54783894
    monitor = class java.lang.Object@7f7003de
    bootLoader = class jdk.internal.loader.ClassLoaders$PlatformClassLoader@7ed9c9e4
      parent = "/* Could not access parent */"
      ucp = "/* Could not access ucp */"
      packageToModule = "/* Could not access packageToModule */"
      nameToModule = "/* Could not access nameToModule */"
      moduleToReader = "/* Could not access moduleToReader */"
      resourceCache = "/* Could not access resourceCache */"
      $assertionsDisabled = "/* Could not access $assertionsDisabled */"
      pdcache = "/* Could not access pdcache */"
    serviceRegistry = class org.eclipse.osgi.internal.serviceregistry.ServiceRegistry@adda265
      SERVICEEVENT = 3
      listenerHookName = "org.osgi.framework.hooks.service.ListenerHook"
      publishedServicesByClass = class java.util.HashMap@67ff6a92
      allPublishedServices = class java.util.ArrayList@474edce2
      publishedServicesByContext = class java.util.HashMap@5b5cf08d
      serviceid = 560
      serviceEventListeners = class java.util.LinkedHashMap@5aa0cd90
      initialCapacity = 50
      initialSubCapacity = 10
      container = class org.eclipse.osgi.internal.framework.EquinoxContainer@fc02846
      systemBundleContext = class org.eclipse.osgi.internal.framework.BundleContextImpl@79d8407f
      debug = class org.eclipse.osgi.internal.debug.Debug@2c9bb776
      $assertionsDisabled = true
    contextFinder = class org.eclipse.osgi.internal.framework.ContextFinder@1e800aaa
      cycleDetector = class java.lang.ThreadLocal@18369663
      finderClassLoader = class com.ibm.ws.kernel.internal.classloader.BootstrapChildFirstJarClassloader@368239c8
      contextFinder = class org.eclipse.osgi.internal.framework.ContextFinder$Finder@27df4dbe
      THIS = class java.lang.Class@3eb25e1a
      parentContextClassLoader = class jdk.internal.loader.ClassLoaders$AppClassLoader@4dc63996
    signedContentFactory = class org.osgi.util.tracker.ServiceTracker@1c2ea26b
      DEBUG = false
      context = class org.eclipse.osgi.internal.framework.BundleContextImpl@79d8407f
      filter = class org.eclipse.osgi.internal.framework.FilterImpl$Equal@468af3f9
      customizer = class org.osgi.util.tracker.ServiceTracker@1c2ea26b
      listenerFilter = "(objectClass=org.eclipse.osgi.signedcontent.SignedContentFactory)"
      trackClass = "org.eclipse.osgi.signedcontent.SignedContentFactory"
      trackReference = null
      tracked = class org.osgi.util.tracker.ServiceTracker$Tracked@72f164f
      cachedReference = null
      cachedService = null
    executor = class java.util.concurrent.ScheduledThreadPoolExecutor@63bf2cc3
      continueExistingPeriodicTasksAfterShutdown = "/* Could not access continueExistingPeriodicTasksAfterShutdown */"
      executeExistingDelayedTasksAfterShutdown = "/* Could not access executeExistingDelayedTasksAfterShutdown */"
      removeOnCancel = "/* Could not access removeOnCancel */"
      sequencer = "/* Could not access sequencer */"
      DEFAULT_KEEPALIVE_MILLIS = "/* Could not access DEFAULT_KEEPALIVE_MILLIS */"
      ctl = "/* Could not access ctl */"
      COUNT_BITS = "/* Could not access COUNT_BITS */"
      COUNT_MASK = "/* Could not access COUNT_MASK */"
      RUNNING = "/* Could not access RUNNING */"
      SHUTDOWN = "/* Could not access SHUTDOWN */"
      STOP = "/* Could not access STOP */"
      TIDYING = "/* Could not access TIDYING */"
      TERMINATED = "/* Could not access TERMINATED */"
      workQueue = "/* Could not access workQueue */"
      mainLock = "/* Could not access mainLock */"
      workers = "/* Could not access workers */"
      termination = "/* Could not access termination */"
      largestPoolSize = "/* Could not access largestPoolSize */"
      completedTaskCount = "/* Could not access completedTaskCount */"
      threadFactory = "/* Could not access threadFactory */"
      handler = "/* Could not access handler */"
      keepAliveTime = "/* Could not access keepAliveTime */"
      allowCoreThreadTimeOut = "/* Could not access allowCoreThreadTimeOut */"
      corePoolSize = "/* Could not access corePoolSize */"
      maximumPoolSize = "/* Could not access maximumPoolSize */"
      defaultHandler = "/* Could not access defaultHandler */"
      shutdownPerm = "/* Could not access shutdownPerm */"
      ONLY_ONE = "/* Could not access ONLY_ONE */"
      $assertionsDisabled = "/* Could not access $assertionsDisabled */"
    storageSaver = class org.eclipse.osgi.internal.framework.StorageSaver@53195fb9
      container = class org.eclipse.osgi.internal.framework.EquinoxContainer@fc02846
      delay = 30000
      future = class java.util.concurrent.ScheduledThreadPoolExecutor$ScheduledFutureTask@6eb9aa96
      hook = class java.lang.Thread@4d1c00d0
      task = class org.eclipse.osgi.internal.framework.StorageSaver$StorageSaverTask@4972bf93
  debug = class org.eclipse.osgi.internal.debug.Debug@2c9bb776
    ECLIPSE_OSGI = "org.eclipse.osgi"
    OPTION_DEBUG_GENERAL = "org.eclipse.osgi/debug"
    OPTION_DEBUG_BUNDLE_TIME = "org.eclipse.osgi/debug/bundleTime"
    OPTION_DEBUG_BUNDLE_START_TIME = "org.eclipse.osgi/debug/bundleStartTime"
    OPTION_DEBUG_LOADER = "org.eclipse.osgi/debug/loader"
    OPTION_DEBUG_STORAGE = "org.eclipse.osgi/debug/storage"
    OPTION_DEBUG_EVENTS = "org.eclipse.osgi/debug/events"
    OPTION_DEBUG_SERVICES = "org.eclipse.osgi/debug/services"
    OPTION_DEBUG_HOOKS = "org.eclipse.osgi/debug/hooks"
    OPTION_DEBUG_MANIFEST = "org.eclipse.osgi/debug/manifest"
    OPTION_DEBUG_FILTER = "org.eclipse.osgi/debug/filter"
    OPTION_DEBUG_SECURITY = "org.eclipse.osgi/debug/security"
    OPTION_DEBUG_STARTLEVEL = "org.eclipse.osgi/debug/startlevel"
    OPTION_DEBUG_PACKAGEADMIN = "org.eclipse.osgi/debug/packageadmin"
    OPTION_DEBUG_PACKAGEADMIN_TIMING = "org.eclipse.osgi/debug/packageadmin/timing"
    OPTION_MONITOR_ACTIVATION = "org.eclipse.osgi/monitor/activation"
    OPTION_MONITOR_LAZY = "org.eclipse.osgi/monitor/lazy"
    OPTION_DEBUG_MESSAGE_BUNDLES = "org.eclipse.osgi/debug/messageBundles"
    OPTION_DEBUG_LOCATION = "org.eclipse.osgi/debug/location"
    OPTION_CACHED_MANIFEST = "org.eclipse.osgi/debug/cachedmanifest"
    OPTION_DEBUG_SYSTEM_BUNDLE = "org.eclipse.osgi/debug/systemBundle"
    OPTION_DEBUG_BUNDLE_FILE = "org.eclipse.osgi/debug/bundleFile"
    OPTION_DEBUG_BUNDLE_FILE_OPEN = "org.eclipse.osgi/debug/bundleFile/open"
    OPTION_DEBUG_BUNDLE_FILE_CLOSE = "org.eclipse.osgi/debug/bundleFile/close"
    DEBUG_GENERAL = false
    DEBUG_BUNDLE_TIME = false
    DEBUG_LOADER = false
    DEBUG_STORAGE = false
    DEBUG_EVENTS = false
    DEBUG_SERVICES = false
    DEBUG_HOOKS = false
    DEBUG_MANIFEST = false
    DEBUG_FILTER = false
    DEBUG_SECURITY = false
    DEBUG_STARTLEVEL = false
    DEBUG_PACKAGEADMIN = false
    DEBUG_PACKAGEADMIN_TIMING = false
    DEBUG_MESSAGE_BUNDLES = false
    MONITOR_ACTIVATION = false
    DEBUG_LOCATION = false
    DEBUG_CACHED_MANIFEST = false
    DEBUG_SYSTEM_BUNDLE = false
    DEBUG_BUNDLE_FILE = false
    DEBUG_BUNDLE_FILE_OPEN = false
    DEBUG_BUNDLE_FILE_CLOSE = false
    out = class com.ibm.ws.logging.internal.impl.BaseTraceService$TeePrintStream@34b01135
      trStream = class com.ibm.ws.logging.internal.impl.BaseTraceService$TrOutputStream@484fa3da
      autoFlush = "/* Could not access autoFlush */"
      trouble = "/* Could not access trouble */"
      formatter = "/* Could not access formatter */"
      textOut = "/* Could not access textOut */"
      charOut = "/* Could not access charOut */"
      closing = "/* Could not access closing */"
      out = "/* Could not access out */"
      closed = "/* Could not access closed */"
      closeLock = "/* Could not access closeLock */"
  servicesInUse = class java.util.HashMap@3534c0e5
    serialVersionUID = "/* Could not access serialVersionUID */"
    DEFAULT_INITIAL_CAPACITY = "/* Could not access DEFAULT_INITIAL_CAPACITY */"
    MAXIMUM_CAPACITY = "/* Could not access MAXIMUM_CAPACITY */"
    DEFAULT_LOAD_FACTOR = "/* Could not access DEFAULT_LOAD_FACTOR */"
    TREEIFY_THRESHOLD = "/* Could not access TREEIFY_THRESHOLD */"
    UNTREEIFY_THRESHOLD = "/* Could not access UNTREEIFY_THRESHOLD */"
    MIN_TREEIFY_CAPACITY = "/* Could not access MIN_TREEIFY_CAPACITY */"
    table = "/* Could not access table */"
    entrySet = "/* Could not access entrySet */"
    size = "/* Could not access size */"
    modCount = "/* Could not access modCount */"
    threshold = "/* Could not access threshold */"
    loadFactor = "/* Could not access loadFactor */"
    keySet = "/* Could not access keySet */"
    values = "/* Could not access values */"
  activator = class com.ibm.ws.kernel.service.location.internal.Activator@408bc9bf
    tc = class com.ibm.websphere.ras.TraceComponent@277b1578
      strings[0] = "TraceComponent[com.ibm.ws.kernel.service.location.internal.Activator,class com.ibm.ws.kernel.service.location.internal.Activator,[locationService],com.ibm.ws.kernel.service.location.internal.resources.LocServiceMessages,null]"
    context = null
    contextFactory = class com.ibm.ws.kernel.pseudo.internal.PseudoContextFactory@66385657
      serialVersionUID = -4628437171020098129
      $$$tc$$$ = class com.ibm.websphere.ras.TraceComponent@283b8624
    serialVersionUID = -4492707902302007934
  contextLock = class java.lang.Object@66ecc7d

